[debug] [2023-06-25T01:39:38.481Z] ----------------------------------------------------------------------
[debug] [2023-06-25T01:39:38.486Z] Command:       C:\Program Files\nodejs\node.exe C:\Users\LENOVO\AppData\Roaming\npm\node_modules\firebase-tools\lib\bin\firebase.js deploy
[debug] [2023-06-25T01:39:38.487Z] CLI Version:   12.4.0
[debug] [2023-06-25T01:39:38.488Z] Platform:      win32
[debug] [2023-06-25T01:39:38.488Z] Node Version:  v18.4.0
[debug] [2023-06-25T01:39:38.502Z] Time:          Sun Jun 25 2023 02:39:38 GMT+0100 (West Africa Standard Time)
[debug] [2023-06-25T01:39:38.502Z] ----------------------------------------------------------------------
[debug] 
[debug] [2023-06-25T01:39:38.653Z] > command requires scopes: ["email","openid","https://www.googleapis.com/auth/cloudplatformprojects.readonly","https://www.googleapis.com/auth/firebase","https://www.googleapis.com/auth/cloud-platform"]
[debug] [2023-06-25T01:39:38.656Z] > authorizing via signed-in user (fawaleayomideoladele@gmail.com)
[debug] [2023-06-25T01:39:38.656Z] [iam] checking project z-chat-5a749 for permissions ["firebase.projects.get","firebasehosting.sites.update"]
[debug] [2023-06-25T01:39:38.663Z] >>> [apiv2][query] POST https://cloudresourcemanager.googleapis.com/v1/projects/z-chat-5a749:testIamPermissions [none]
[debug] [2023-06-25T01:39:38.663Z] >>> [apiv2][(partial)header] POST https://cloudresourcemanager.googleapis.com/v1/projects/z-chat-5a749:testIamPermissions x-goog-quota-user=projects/z-chat-5a749
[debug] [2023-06-25T01:39:38.664Z] >>> [apiv2][body] POST https://cloudresourcemanager.googleapis.com/v1/projects/z-chat-5a749:testIamPermissions {"permissions":["firebase.projects.get","firebasehosting.sites.update"]}
[debug] [2023-06-25T01:39:40.270Z] <<< [apiv2][status] POST https://cloudresourcemanager.googleapis.com/v1/projects/z-chat-5a749:testIamPermissions 200
[debug] [2023-06-25T01:39:40.271Z] <<< [apiv2][body] POST https://cloudresourcemanager.googleapis.com/v1/projects/z-chat-5a749:testIamPermissions {"permissions":["firebase.projects.get","firebasehosting.sites.update"]}
[debug] [2023-06-25T01:39:40.274Z] >>> [apiv2][query] GET https://firebase.googleapis.com/v1beta1/projects/z-chat-5a749 [none]
[debug] [2023-06-25T01:39:40.873Z] <<< [apiv2][status] GET https://firebase.googleapis.com/v1beta1/projects/z-chat-5a749 200
[debug] [2023-06-25T01:39:40.874Z] <<< [apiv2][body] GET https://firebase.googleapis.com/v1beta1/projects/z-chat-5a749 {"projectId":"z-chat-5a749","projectNumber":"977127481332","displayName":"Z-chat","name":"projects/z-chat-5a749","resources":{"hostingSite":"z-chat-5a749","storageBucket":"z-chat-5a749.appspot.com","locationId":"europe-west"},"state":"ACTIVE","etag":"1_e48ec0fb-b4d4-4038-b320-610cee9b3268"}
[info] 
[info] === Deploying to 'z-chat-5a749'...
[info] 
[info] i  deploying hosting 
[debug] [2023-06-25T01:39:40.901Z] >>> [apiv2][query] POST https://firebasehosting.googleapis.com/v1beta1/projects/-/sites/z-chat-5a749/versions [none]
[debug] [2023-06-25T01:39:40.902Z] >>> [apiv2][body] POST https://firebasehosting.googleapis.com/v1beta1/projects/-/sites/z-chat-5a749/versions {"status":"CREATED","labels":{"deployment-tool":"cli-firebase"}}
[debug] [2023-06-25T01:39:43.896Z] <<< [apiv2][status] POST https://firebasehosting.googleapis.com/v1beta1/projects/-/sites/z-chat-5a749/versions 200
[debug] [2023-06-25T01:39:43.896Z] <<< [apiv2][body] POST https://firebasehosting.googleapis.com/v1beta1/projects/-/sites/z-chat-5a749/versions {"name":"projects/977127481332/sites/z-chat-5a749/versions/96921be2ba74ef1c","status":"CREATED","config":{},"labels":{"deployment-tool":"cli-firebase"}}
[info] i  hosting[z-chat-5a749]: beginning deploy... 
[info] i  hosting[z-chat-5a749]: found 22 files in build 
[debug] [2023-06-25T01:39:44.059Z] [hosting] uploading with 200 concurrency
[debug] [2023-06-25T01:39:47.372Z] [hosting] hash cache [YnVpbGQ] stored for 22 files
[debug] [2023-06-25T01:39:47.373Z] [hosting][hash queue][FINAL] {"max":3231,"min":189,"avg":434.5,"active":0,"complete":22,"success":22,"errored":0,"retried":0,"total":22,"elapsed":3296}
[debug] [2023-06-25T01:39:47.374Z] >>> [apiv2][query] POST https://firebasehosting.googleapis.com/v1beta1/projects/977127481332/sites/z-chat-5a749/versions/96921be2ba74ef1c:populateFiles [none]
[debug] [2023-06-25T01:39:47.374Z] >>> [apiv2][body] POST https://firebasehosting.googleapis.com/v1beta1/projects/977127481332/sites/z-chat-5a749/versions/96921be2ba74ef1c:populateFiles {"files":{"/asset-manifest.json":"23f096b5100990d14db50abd0d1fcdc7b4ce201c853e365c57a5987cf4b68bf7","/index.html":"f5fcf9eb12b0df433412f2ce9abc1af767ae784f53884415e36e323fa2ee7a70","/favicon.ico":"eae62e993eb980ec8a25058c39d5a51feab118bd2100c4deebb2a9c158ec11f9","/logo192.png":"3ee59515172ee198f3be375979df15ac5345183e656720a381b8872b2a39dc8b","/robots.txt":"bfe106a3fb878dc83461c86818bf74fc1bdc7f28538ba613cd3e775516ce8b49","/manifest.json":"aff3449bdc238776f5d6d967f19ec491b36aed5fb7f23ccff6500736fd58494a","/logo512.png":"ee7e2f3fdb8209c4b6fd7bef6ba50d1b9dba30a25bb5c3126df057e1cb6f5331","/static/js/main.1ea8ba43.js.LICENSE.txt":"b966e2214c7e6c19c3be686b0253ecf34afeb13b4ed0970297a73e7c14746237","/static/css/main.e74b8169.css":"08a182649897a83a1eb32a0181eb8ea001c7006f40b9b91292418e84a196ddf1","/static/media/unsplash_jzz_3jWMzHA.a1c2a9451f37eef26537.jpg":"1550485177962a386c5232154834f95776cd9f5fce9a3ddc2932d02966cf2198","/static/media/unsplash_iEEBWgY_6lA.e7a7e1c4acad2ace1f78.png":"ca8f1aeec7eb4be1bd3fb7b4ebd1e18f1ca637f4216d57ec810d4dd8a3742aef","/static/css/main.e74b8169.css.map":"2aea6623fe08e7d2f4abc332b5c83f8b28a90c9f2a9d38f3acc87f3d58a17155","/static/media/unsplash_ZHvM3XIOHoE.bed6979128a5f457ed20.jpg":"ece59132a84a85bdc30f0f96846939b7c6417d196bb3a8606bbea86c0425b6a5","/static/media/unsplash_-4vD8lIhdnw.0aba6b3f62f3cbffb050.jpg":"0b58cd17d7a645efeeb6c74a93cb25a3318d84658e37a44422a62dc6f1d2e7aa","/static/media/unsplash_fHXpgMd_XhE.542e886bd4f67b363f44.png":"b432f8afec4e45cfeb2f8d40b0f99a55bd4a4cf0f2e662104e3f5117203f46d3","/static/media/unsplash_87gLIFoj79c.913b120244246fbe578b.png":"1bf989805dd31c89decbdc2f440ef181ca6d6c6352ffda3956d234ebcc9f0e91","/static/js/main.1ea8ba43.js":"b1160538e51a1c49461795ca7d0a424ca5a7e827fe903183ed2697d64bfa6e45","/static/media/funny-404-error-page-design.e8774fe4b26ba15c17b3.gif":"fb9142e649d4489960573ad324affd5eaad39d5d69c85e0bd1d7285b45e05ff2","/static/media/unsplash_9pjBx5uVBlg.50a6c91ca476250c4097.png":"813b6053118e50bb2b9d13db976b8b074bc9215b55b4adf503a9ca7d53ab01c0","/static/media/unsplash_-2vD8lIhdnw.0e310f750e3db167a2ff.png":"2307943b70557f3623a232bfd957f9967b33ba68068545540e73734db4fbcd95","/z-code_.png":"16b362d5c4c80bd80c3165c77211803bf180ffc06ce13d124bb19efc918a18e2","/static/js/main.1ea8ba43.js.map":"16a0ec01e6fcd89eb352654625c39037ff1eacdb04d14f886621643a4c27d639"}}
[debug] [2023-06-25T01:39:48.651Z] <<< [apiv2][status] POST https://firebasehosting.googleapis.com/v1beta1/projects/977127481332/sites/z-chat-5a749/versions/96921be2ba74ef1c:populateFiles 200
[debug] [2023-06-25T01:39:48.652Z] <<< [apiv2][body] POST https://firebasehosting.googleapis.com/v1beta1/projects/977127481332/sites/z-chat-5a749/versions/96921be2ba74ef1c:populateFiles {"uploadRequiredHashes":["2aea6623fe08e7d2f4abc332b5c83f8b28a90c9f2a9d38f3acc87f3d58a17155","ee7e2f3fdb8209c4b6fd7bef6ba50d1b9dba30a25bb5c3126df057e1cb6f5331","b1160538e51a1c49461795ca7d0a424ca5a7e827fe903183ed2697d64bfa6e45","16b362d5c4c80bd80c3165c77211803bf180ffc06ce13d124bb19efc918a18e2","0b58cd17d7a645efeeb6c74a93cb25a3318d84658e37a44422a62dc6f1d2e7aa","2307943b70557f3623a232bfd957f9967b33ba68068545540e73734db4fbcd95","813b6053118e50bb2b9d13db976b8b074bc9215b55b4adf503a9ca7d53ab01c0","ca8f1aeec7eb4be1bd3fb7b4ebd1e18f1ca637f4216d57ec810d4dd8a3742aef","b432f8afec4e45cfeb2f8d40b0f99a55bd4a4cf0f2e662104e3f5117203f46d3","aff3449bdc238776f5d6d967f19ec491b36aed5fb7f23ccff6500736fd58494a","f5fcf9eb12b0df433412f2ce9abc1af767ae784f53884415e36e323fa2ee7a70","23f096b5100990d14db50abd0d1fcdc7b4ce201c853e365c57a5987cf4b68bf7","b966e2214c7e6c19c3be686b0253ecf34afeb13b4ed0970297a73e7c14746237","08a182649897a83a1eb32a0181eb8ea001c7006f40b9b91292418e84a196ddf1","fb9142e649d4489960573ad324affd5eaad39d5d69c85e0bd1d7285b45e05ff2","eae62e993eb980ec8a25058c39d5a51feab118bd2100c4deebb2a9c158ec11f9","ece59132a84a85bdc30f0f96846939b7c6417d196bb3a8606bbea86c0425b6a5","1bf989805dd31c89decbdc2f440ef181ca6d6c6352ffda3956d234ebcc9f0e91","1550485177962a386c5232154834f95776cd9f5fce9a3ddc2932d02966cf2198","bfe106a3fb878dc83461c86818bf74fc1bdc7f28538ba613cd3e775516ce8b49","3ee59515172ee198f3be375979df15ac5345183e656720a381b8872b2a39dc8b","16a0ec01e6fcd89eb352654625c39037ff1eacdb04d14f886621643a4c27d639"],"uploadUrl":"https://upload-firebasehosting.googleapis.com/upload/sites/z-chat-5a749/versions/96921be2ba74ef1c/files"}
[debug] [2023-06-25T01:39:48.664Z] >>> [apiv2][query] POST https://upload-firebasehosting.googleapis.com/upload/sites/z-chat-5a749/versions/96921be2ba74ef1c/files/2aea6623fe08e7d2f4abc332b5c83f8b28a90c9f2a9d38f3acc87f3d58a17155 [none]
[debug] [2023-06-25T01:39:48.664Z] >>> [apiv2][body] POST https://upload-firebasehosting.googleapis.com/upload/sites/z-chat-5a749/versions/96921be2ba74ef1c/files/2aea6623fe08e7d2f4abc332b5c83f8b28a90c9f2a9d38f3acc87f3d58a17155 [stream]
[debug] [2023-06-25T01:39:48.672Z] >>> [apiv2][query] POST https://upload-firebasehosting.googleapis.com/upload/sites/z-chat-5a749/versions/96921be2ba74ef1c/files/ee7e2f3fdb8209c4b6fd7bef6ba50d1b9dba30a25bb5c3126df057e1cb6f5331 [none]
[debug] [2023-06-25T01:39:48.672Z] >>> [apiv2][body] POST https://upload-firebasehosting.googleapis.com/upload/sites/z-chat-5a749/versions/96921be2ba74ef1c/files/ee7e2f3fdb8209c4b6fd7bef6ba50d1b9dba30a25bb5c3126df057e1cb6f5331 [stream]
[debug] [2023-06-25T01:39:48.679Z] >>> [apiv2][query] POST https://upload-firebasehosting.googleapis.com/upload/sites/z-chat-5a749/versions/96921be2ba74ef1c/files/b1160538e51a1c49461795ca7d0a424ca5a7e827fe903183ed2697d64bfa6e45 [none]
[debug] [2023-06-25T01:39:48.679Z] >>> [apiv2][body] POST https://upload-firebasehosting.googleapis.com/upload/sites/z-chat-5a749/versions/96921be2ba74ef1c/files/b1160538e51a1c49461795ca7d0a424ca5a7e827fe903183ed2697d64bfa6e45 [stream]
[debug] [2023-06-25T01:39:48.686Z] >>> [apiv2][query] POST https://upload-firebasehosting.googleapis.com/upload/sites/z-chat-5a749/versions/96921be2ba74ef1c/files/16b362d5c4c80bd80c3165c77211803bf180ffc06ce13d124bb19efc918a18e2 [none]
[debug] [2023-06-25T01:39:48.686Z] >>> [apiv2][body] POST https://upload-firebasehosting.googleapis.com/upload/sites/z-chat-5a749/versions/96921be2ba74ef1c/files/16b362d5c4c80bd80c3165c77211803bf180ffc06ce13d124bb19efc918a18e2 [stream]
[debug] [2023-06-25T01:39:48.690Z] >>> [apiv2][query] POST https://upload-firebasehosting.googleapis.com/upload/sites/z-chat-5a749/versions/96921be2ba74ef1c/files/0b58cd17d7a645efeeb6c74a93cb25a3318d84658e37a44422a62dc6f1d2e7aa [none]
[debug] [2023-06-25T01:39:48.690Z] >>> [apiv2][body] POST https://upload-firebasehosting.googleapis.com/upload/sites/z-chat-5a749/versions/96921be2ba74ef1c/files/0b58cd17d7a645efeeb6c74a93cb25a3318d84658e37a44422a62dc6f1d2e7aa [stream]
[debug] [2023-06-25T01:39:48.695Z] >>> [apiv2][query] POST https://upload-firebasehosting.googleapis.com/upload/sites/z-chat-5a749/versions/96921be2ba74ef1c/files/2307943b70557f3623a232bfd957f9967b33ba68068545540e73734db4fbcd95 [none]
[debug] [2023-06-25T01:39:48.695Z] >>> [apiv2][body] POST https://upload-firebasehosting.googleapis.com/upload/sites/z-chat-5a749/versions/96921be2ba74ef1c/files/2307943b70557f3623a232bfd957f9967b33ba68068545540e73734db4fbcd95 [stream]
[debug] [2023-06-25T01:39:48.700Z] >>> [apiv2][query] POST https://upload-firebasehosting.googleapis.com/upload/sites/z-chat-5a749/versions/96921be2ba74ef1c/files/813b6053118e50bb2b9d13db976b8b074bc9215b55b4adf503a9ca7d53ab01c0 [none]
[debug] [2023-06-25T01:39:48.700Z] >>> [apiv2][body] POST https://upload-firebasehosting.googleapis.com/upload/sites/z-chat-5a749/versions/96921be2ba74ef1c/files/813b6053118e50bb2b9d13db976b8b074bc9215b55b4adf503a9ca7d53ab01c0 [stream]
[debug] [2023-06-25T01:39:48.704Z] >>> [apiv2][query] POST https://upload-firebasehosting.googleapis.com/upload/sites/z-chat-5a749/versions/96921be2ba74ef1c/files/ca8f1aeec7eb4be1bd3fb7b4ebd1e18f1ca637f4216d57ec810d4dd8a3742aef [none]
[debug] [2023-06-25T01:39:48.704Z] >>> [apiv2][body] POST https://upload-firebasehosting.googleapis.com/upload/sites/z-chat-5a749/versions/96921be2ba74ef1c/files/ca8f1aeec7eb4be1bd3fb7b4ebd1e18f1ca637f4216d57ec810d4dd8a3742aef [stream]
[debug] [2023-06-25T01:39:48.708Z] >>> [apiv2][query] POST https://upload-firebasehosting.googleapis.com/upload/sites/z-chat-5a749/versions/96921be2ba74ef1c/files/b432f8afec4e45cfeb2f8d40b0f99a55bd4a4cf0f2e662104e3f5117203f46d3 [none]
[debug] [2023-06-25T01:39:48.709Z] >>> [apiv2][body] POST https://upload-firebasehosting.googleapis.com/upload/sites/z-chat-5a749/versions/96921be2ba74ef1c/files/b432f8afec4e45cfeb2f8d40b0f99a55bd4a4cf0f2e662104e3f5117203f46d3 [stream]
[debug] [2023-06-25T01:39:48.713Z] >>> [apiv2][query] POST https://upload-firebasehosting.googleapis.com/upload/sites/z-chat-5a749/versions/96921be2ba74ef1c/files/aff3449bdc238776f5d6d967f19ec491b36aed5fb7f23ccff6500736fd58494a [none]
[debug] [2023-06-25T01:39:48.713Z] >>> [apiv2][body] POST https://upload-firebasehosting.googleapis.com/upload/sites/z-chat-5a749/versions/96921be2ba74ef1c/files/aff3449bdc238776f5d6d967f19ec491b36aed5fb7f23ccff6500736fd58494a [stream]
[debug] [2023-06-25T01:39:48.718Z] >>> [apiv2][query] POST https://upload-firebasehosting.googleapis.com/upload/sites/z-chat-5a749/versions/96921be2ba74ef1c/files/f5fcf9eb12b0df433412f2ce9abc1af767ae784f53884415e36e323fa2ee7a70 [none]
[debug] [2023-06-25T01:39:48.718Z] >>> [apiv2][body] POST https://upload-firebasehosting.googleapis.com/upload/sites/z-chat-5a749/versions/96921be2ba74ef1c/files/f5fcf9eb12b0df433412f2ce9abc1af767ae784f53884415e36e323fa2ee7a70 [stream]
[debug] [2023-06-25T01:39:48.722Z] >>> [apiv2][query] POST https://upload-firebasehosting.googleapis.com/upload/sites/z-chat-5a749/versions/96921be2ba74ef1c/files/23f096b5100990d14db50abd0d1fcdc7b4ce201c853e365c57a5987cf4b68bf7 [none]
[debug] [2023-06-25T01:39:48.722Z] >>> [apiv2][body] POST https://upload-firebasehosting.googleapis.com/upload/sites/z-chat-5a749/versions/96921be2ba74ef1c/files/23f096b5100990d14db50abd0d1fcdc7b4ce201c853e365c57a5987cf4b68bf7 [stream]
[debug] [2023-06-25T01:39:48.725Z] >>> [apiv2][query] POST https://upload-firebasehosting.googleapis.com/upload/sites/z-chat-5a749/versions/96921be2ba74ef1c/files/b966e2214c7e6c19c3be686b0253ecf34afeb13b4ed0970297a73e7c14746237 [none]
[debug] [2023-06-25T01:39:48.725Z] >>> [apiv2][body] POST https://upload-firebasehosting.googleapis.com/upload/sites/z-chat-5a749/versions/96921be2ba74ef1c/files/b966e2214c7e6c19c3be686b0253ecf34afeb13b4ed0970297a73e7c14746237 [stream]
[debug] [2023-06-25T01:39:48.729Z] >>> [apiv2][query] POST https://upload-firebasehosting.googleapis.com/upload/sites/z-chat-5a749/versions/96921be2ba74ef1c/files/08a182649897a83a1eb32a0181eb8ea001c7006f40b9b91292418e84a196ddf1 [none]
[debug] [2023-06-25T01:39:48.729Z] >>> [apiv2][body] POST https://upload-firebasehosting.googleapis.com/upload/sites/z-chat-5a749/versions/96921be2ba74ef1c/files/08a182649897a83a1eb32a0181eb8ea001c7006f40b9b91292418e84a196ddf1 [stream]
[debug] [2023-06-25T01:39:48.733Z] >>> [apiv2][query] POST https://upload-firebasehosting.googleapis.com/upload/sites/z-chat-5a749/versions/96921be2ba74ef1c/files/fb9142e649d4489960573ad324affd5eaad39d5d69c85e0bd1d7285b45e05ff2 [none]
[debug] [2023-06-25T01:39:48.733Z] >>> [apiv2][body] POST https://upload-firebasehosting.googleapis.com/upload/sites/z-chat-5a749/versions/96921be2ba74ef1c/files/fb9142e649d4489960573ad324affd5eaad39d5d69c85e0bd1d7285b45e05ff2 [stream]
[debug] [2023-06-25T01:39:48.737Z] >>> [apiv2][query] POST https://upload-firebasehosting.googleapis.com/upload/sites/z-chat-5a749/versions/96921be2ba74ef1c/files/eae62e993eb980ec8a25058c39d5a51feab118bd2100c4deebb2a9c158ec11f9 [none]
[debug] [2023-06-25T01:39:48.737Z] >>> [apiv2][body] POST https://upload-firebasehosting.googleapis.com/upload/sites/z-chat-5a749/versions/96921be2ba74ef1c/files/eae62e993eb980ec8a25058c39d5a51feab118bd2100c4deebb2a9c158ec11f9 [stream]
[debug] [2023-06-25T01:39:48.741Z] >>> [apiv2][query] POST https://upload-firebasehosting.googleapis.com/upload/sites/z-chat-5a749/versions/96921be2ba74ef1c/files/ece59132a84a85bdc30f0f96846939b7c6417d196bb3a8606bbea86c0425b6a5 [none]
[debug] [2023-06-25T01:39:48.741Z] >>> [apiv2][body] POST https://upload-firebasehosting.googleapis.com/upload/sites/z-chat-5a749/versions/96921be2ba74ef1c/files/ece59132a84a85bdc30f0f96846939b7c6417d196bb3a8606bbea86c0425b6a5 [stream]
[debug] [2023-06-25T01:39:48.745Z] >>> [apiv2][query] POST https://upload-firebasehosting.googleapis.com/upload/sites/z-chat-5a749/versions/96921be2ba74ef1c/files/1bf989805dd31c89decbdc2f440ef181ca6d6c6352ffda3956d234ebcc9f0e91 [none]
[debug] [2023-06-25T01:39:48.745Z] >>> [apiv2][body] POST https://upload-firebasehosting.googleapis.com/upload/sites/z-chat-5a749/versions/96921be2ba74ef1c/files/1bf989805dd31c89decbdc2f440ef181ca6d6c6352ffda3956d234ebcc9f0e91 [stream]
[debug] [2023-06-25T01:39:48.748Z] >>> [apiv2][query] POST https://upload-firebasehosting.googleapis.com/upload/sites/z-chat-5a749/versions/96921be2ba74ef1c/files/1550485177962a386c5232154834f95776cd9f5fce9a3ddc2932d02966cf2198 [none]
[debug] [2023-06-25T01:39:48.748Z] >>> [apiv2][body] POST https://upload-firebasehosting.googleapis.com/upload/sites/z-chat-5a749/versions/96921be2ba74ef1c/files/1550485177962a386c5232154834f95776cd9f5fce9a3ddc2932d02966cf2198 [stream]
[debug] [2023-06-25T01:39:48.750Z] >>> [apiv2][query] POST https://upload-firebasehosting.googleapis.com/upload/sites/z-chat-5a749/versions/96921be2ba74ef1c/files/bfe106a3fb878dc83461c86818bf74fc1bdc7f28538ba613cd3e775516ce8b49 [none]
[debug] [2023-06-25T01:39:48.750Z] >>> [apiv2][body] POST https://upload-firebasehosting.googleapis.com/upload/sites/z-chat-5a749/versions/96921be2ba74ef1c/files/bfe106a3fb878dc83461c86818bf74fc1bdc7f28538ba613cd3e775516ce8b49 [stream]
[debug] [2023-06-25T01:39:48.752Z] >>> [apiv2][query] POST https://upload-firebasehosting.googleapis.com/upload/sites/z-chat-5a749/versions/96921be2ba74ef1c/files/3ee59515172ee198f3be375979df15ac5345183e656720a381b8872b2a39dc8b [none]
[debug] [2023-06-25T01:39:48.752Z] >>> [apiv2][body] POST https://upload-firebasehosting.googleapis.com/upload/sites/z-chat-5a749/versions/96921be2ba74ef1c/files/3ee59515172ee198f3be375979df15ac5345183e656720a381b8872b2a39dc8b [stream]
[debug] [2023-06-25T01:39:48.754Z] >>> [apiv2][query] POST https://upload-firebasehosting.googleapis.com/upload/sites/z-chat-5a749/versions/96921be2ba74ef1c/files/16a0ec01e6fcd89eb352654625c39037ff1eacdb04d14f886621643a4c27d639 [none]
[debug] [2023-06-25T01:39:48.754Z] >>> [apiv2][body] POST https://upload-firebasehosting.googleapis.com/upload/sites/z-chat-5a749/versions/96921be2ba74ef1c/files/16a0ec01e6fcd89eb352654625c39037ff1eacdb04d14f886621643a4c27d639 [stream]
[debug] [2023-06-25T01:39:48.756Z] [hosting][populate queue][FINAL] {"max":1295,"min":1295,"avg":1295,"active":0,"complete":1,"success":1,"errored":0,"retried":0,"total":1,"elapsed":1387}
[debug] [2023-06-25T01:39:48.756Z] [hosting] uploads queued: 22
[debug] [2023-06-25T01:39:51.878Z] <<< [apiv2][status] POST https://upload-firebasehosting.googleapis.com/upload/sites/z-chat-5a749/versions/96921be2ba74ef1c/files/bfe106a3fb878dc83461c86818bf74fc1bdc7f28538ba613cd3e775516ce8b49 200
[debug] [2023-06-25T01:39:51.879Z] <<< [apiv2][body] POST https://upload-firebasehosting.googleapis.com/upload/sites/z-chat-5a749/versions/96921be2ba74ef1c/files/bfe106a3fb878dc83461c86818bf74fc1bdc7f28538ba613cd3e775516ce8b49 [stream]
[debug] [2023-06-25T01:39:52.125Z] <<< [apiv2][status] POST https://upload-firebasehosting.googleapis.com/upload/sites/z-chat-5a749/versions/96921be2ba74ef1c/files/f5fcf9eb12b0df433412f2ce9abc1af767ae784f53884415e36e323fa2ee7a70 200
[debug] [2023-06-25T01:39:52.126Z] <<< [apiv2][body] POST https://upload-firebasehosting.googleapis.com/upload/sites/z-chat-5a749/versions/96921be2ba74ef1c/files/f5fcf9eb12b0df433412f2ce9abc1af767ae784f53884415e36e323fa2ee7a70 [stream]
[debug] [2023-06-25T01:39:52.301Z] <<< [apiv2][status] POST https://upload-firebasehosting.googleapis.com/upload/sites/z-chat-5a749/versions/96921be2ba74ef1c/files/eae62e993eb980ec8a25058c39d5a51feab118bd2100c4deebb2a9c158ec11f9 200
[debug] [2023-06-25T01:39:52.301Z] <<< [apiv2][body] POST https://upload-firebasehosting.googleapis.com/upload/sites/z-chat-5a749/versions/96921be2ba74ef1c/files/eae62e993eb980ec8a25058c39d5a51feab118bd2100c4deebb2a9c158ec11f9 [stream]
[debug] [2023-06-25T01:39:52.429Z] <<< [apiv2][status] POST https://upload-firebasehosting.googleapis.com/upload/sites/z-chat-5a749/versions/96921be2ba74ef1c/files/23f096b5100990d14db50abd0d1fcdc7b4ce201c853e365c57a5987cf4b68bf7 200
[debug] [2023-06-25T01:39:52.430Z] <<< [apiv2][body] POST https://upload-firebasehosting.googleapis.com/upload/sites/z-chat-5a749/versions/96921be2ba74ef1c/files/23f096b5100990d14db50abd0d1fcdc7b4ce201c853e365c57a5987cf4b68bf7 [stream]
[debug] [2023-06-25T01:39:52.496Z] <<< [apiv2][status] POST https://upload-firebasehosting.googleapis.com/upload/sites/z-chat-5a749/versions/96921be2ba74ef1c/files/aff3449bdc238776f5d6d967f19ec491b36aed5fb7f23ccff6500736fd58494a 200
[debug] [2023-06-25T01:39:52.496Z] <<< [apiv2][body] POST https://upload-firebasehosting.googleapis.com/upload/sites/z-chat-5a749/versions/96921be2ba74ef1c/files/aff3449bdc238776f5d6d967f19ec491b36aed5fb7f23ccff6500736fd58494a [stream]
[debug] [2023-06-25T01:39:52.687Z] <<< [apiv2][status] POST https://upload-firebasehosting.googleapis.com/upload/sites/z-chat-5a749/versions/96921be2ba74ef1c/files/b966e2214c7e6c19c3be686b0253ecf34afeb13b4ed0970297a73e7c14746237 200
[debug] [2023-06-25T01:39:52.688Z] <<< [apiv2][body] POST https://upload-firebasehosting.googleapis.com/upload/sites/z-chat-5a749/versions/96921be2ba74ef1c/files/b966e2214c7e6c19c3be686b0253ecf34afeb13b4ed0970297a73e7c14746237 [stream]
[debug] [2023-06-25T01:39:52.692Z] <<< [apiv2][status] POST https://upload-firebasehosting.googleapis.com/upload/sites/z-chat-5a749/versions/96921be2ba74ef1c/files/ee7e2f3fdb8209c4b6fd7bef6ba50d1b9dba30a25bb5c3126df057e1cb6f5331 200
[debug] [2023-06-25T01:39:52.692Z] <<< [apiv2][body] POST https://upload-firebasehosting.googleapis.com/upload/sites/z-chat-5a749/versions/96921be2ba74ef1c/files/ee7e2f3fdb8209c4b6fd7bef6ba50d1b9dba30a25bb5c3126df057e1cb6f5331 [stream]
[debug] [2023-06-25T01:39:53.369Z] <<< [apiv2][status] POST https://upload-firebasehosting.googleapis.com/upload/sites/z-chat-5a749/versions/96921be2ba74ef1c/files/3ee59515172ee198f3be375979df15ac5345183e656720a381b8872b2a39dc8b 200
[debug] [2023-06-25T01:39:53.370Z] <<< [apiv2][body] POST https://upload-firebasehosting.googleapis.com/upload/sites/z-chat-5a749/versions/96921be2ba74ef1c/files/3ee59515172ee198f3be375979df15ac5345183e656720a381b8872b2a39dc8b [stream]
[debug] [2023-06-25T01:39:53.907Z] <<< [apiv2][status] POST https://upload-firebasehosting.googleapis.com/upload/sites/z-chat-5a749/versions/96921be2ba74ef1c/files/1550485177962a386c5232154834f95776cd9f5fce9a3ddc2932d02966cf2198 200
[debug] [2023-06-25T01:39:53.908Z] <<< [apiv2][body] POST https://upload-firebasehosting.googleapis.com/upload/sites/z-chat-5a749/versions/96921be2ba74ef1c/files/1550485177962a386c5232154834f95776cd9f5fce9a3ddc2932d02966cf2198 [stream]
[debug] [2023-06-25T01:39:54.270Z] <<< [apiv2][status] POST https://upload-firebasehosting.googleapis.com/upload/sites/z-chat-5a749/versions/96921be2ba74ef1c/files/08a182649897a83a1eb32a0181eb8ea001c7006f40b9b91292418e84a196ddf1 200
[debug] [2023-06-25T01:39:54.271Z] <<< [apiv2][body] POST https://upload-firebasehosting.googleapis.com/upload/sites/z-chat-5a749/versions/96921be2ba74ef1c/files/08a182649897a83a1eb32a0181eb8ea001c7006f40b9b91292418e84a196ddf1 [stream]
[debug] [2023-06-25T01:39:56.851Z] <<< [apiv2][status] POST https://upload-firebasehosting.googleapis.com/upload/sites/z-chat-5a749/versions/96921be2ba74ef1c/files/2aea6623fe08e7d2f4abc332b5c83f8b28a90c9f2a9d38f3acc87f3d58a17155 200
[debug] [2023-06-25T01:39:56.851Z] <<< [apiv2][body] POST https://upload-firebasehosting.googleapis.com/upload/sites/z-chat-5a749/versions/96921be2ba74ef1c/files/2aea6623fe08e7d2f4abc332b5c83f8b28a90c9f2a9d38f3acc87f3d58a17155 [stream]
[debug] [2023-06-25T01:40:00.425Z] <<< [apiv2][status] POST https://upload-firebasehosting.googleapis.com/upload/sites/z-chat-5a749/versions/96921be2ba74ef1c/files/ca8f1aeec7eb4be1bd3fb7b4ebd1e18f1ca637f4216d57ec810d4dd8a3742aef 200
[debug] [2023-06-25T01:40:00.426Z] <<< [apiv2][body] POST https://upload-firebasehosting.googleapis.com/upload/sites/z-chat-5a749/versions/96921be2ba74ef1c/files/ca8f1aeec7eb4be1bd3fb7b4ebd1e18f1ca637f4216d57ec810d4dd8a3742aef [stream]
[debug] [2023-06-25T01:40:00.611Z] <<< [apiv2][status] POST https://upload-firebasehosting.googleapis.com/upload/sites/z-chat-5a749/versions/96921be2ba74ef1c/files/ece59132a84a85bdc30f0f96846939b7c6417d196bb3a8606bbea86c0425b6a5 200
[debug] [2023-06-25T01:40:00.612Z] <<< [apiv2][body] POST https://upload-firebasehosting.googleapis.com/upload/sites/z-chat-5a749/versions/96921be2ba74ef1c/files/ece59132a84a85bdc30f0f96846939b7c6417d196bb3a8606bbea86c0425b6a5 [stream]
[debug] [2023-06-25T01:40:03.300Z] <<< [apiv2][status] POST https://upload-firebasehosting.googleapis.com/upload/sites/z-chat-5a749/versions/96921be2ba74ef1c/files/0b58cd17d7a645efeeb6c74a93cb25a3318d84658e37a44422a62dc6f1d2e7aa 200
[debug] [2023-06-25T01:40:03.301Z] <<< [apiv2][body] POST https://upload-firebasehosting.googleapis.com/upload/sites/z-chat-5a749/versions/96921be2ba74ef1c/files/0b58cd17d7a645efeeb6c74a93cb25a3318d84658e37a44422a62dc6f1d2e7aa [stream]
[debug] [2023-06-25T01:40:14.095Z] <<< [apiv2][status] POST https://upload-firebasehosting.googleapis.com/upload/sites/z-chat-5a749/versions/96921be2ba74ef1c/files/1bf989805dd31c89decbdc2f440ef181ca6d6c6352ffda3956d234ebcc9f0e91 200
[debug] [2023-06-25T01:40:14.095Z] <<< [apiv2][body] POST https://upload-firebasehosting.googleapis.com/upload/sites/z-chat-5a749/versions/96921be2ba74ef1c/files/1bf989805dd31c89decbdc2f440ef181ca6d6c6352ffda3956d234ebcc9f0e91 [stream]
[debug] [2023-06-25T01:40:18.073Z] <<< [apiv2][status] POST https://upload-firebasehosting.googleapis.com/upload/sites/z-chat-5a749/versions/96921be2ba74ef1c/files/b1160538e51a1c49461795ca7d0a424ca5a7e827fe903183ed2697d64bfa6e45 200
[debug] [2023-06-25T01:40:18.073Z] <<< [apiv2][body] POST https://upload-firebasehosting.googleapis.com/upload/sites/z-chat-5a749/versions/96921be2ba74ef1c/files/b1160538e51a1c49461795ca7d0a424ca5a7e827fe903183ed2697d64bfa6e45 [stream]
[debug] [2023-06-25T01:40:18.234Z] <<< [apiv2][status] POST https://upload-firebasehosting.googleapis.com/upload/sites/z-chat-5a749/versions/96921be2ba74ef1c/files/b432f8afec4e45cfeb2f8d40b0f99a55bd4a4cf0f2e662104e3f5117203f46d3 200
[debug] [2023-06-25T01:40:18.234Z] <<< [apiv2][body] POST https://upload-firebasehosting.googleapis.com/upload/sites/z-chat-5a749/versions/96921be2ba74ef1c/files/b432f8afec4e45cfeb2f8d40b0f99a55bd4a4cf0f2e662104e3f5117203f46d3 [stream]
[debug] [2023-06-25T01:40:19.084Z] [uploadQueue] Retrying task 16b362d5c4c80bd80c3165c77211803bf180ffc06ce13d124bb19efc918a18e2
[debug] [2023-06-25T01:40:19.084Z] >>> [apiv2][query] POST https://upload-firebasehosting.googleapis.com/upload/sites/z-chat-5a749/versions/96921be2ba74ef1c/files/16b362d5c4c80bd80c3165c77211803bf180ffc06ce13d124bb19efc918a18e2 [none]
[debug] [2023-06-25T01:40:19.085Z] >>> [apiv2][body] POST https://upload-firebasehosting.googleapis.com/upload/sites/z-chat-5a749/versions/96921be2ba74ef1c/files/16b362d5c4c80bd80c3165c77211803bf180ffc06ce13d124bb19efc918a18e2 [stream]
[debug] [2023-06-25T01:40:19.088Z] [uploadQueue] Retrying task 2307943b70557f3623a232bfd957f9967b33ba68068545540e73734db4fbcd95
[debug] [2023-06-25T01:40:19.088Z] >>> [apiv2][query] POST https://upload-firebasehosting.googleapis.com/upload/sites/z-chat-5a749/versions/96921be2ba74ef1c/files/2307943b70557f3623a232bfd957f9967b33ba68068545540e73734db4fbcd95 [none]
[debug] [2023-06-25T01:40:19.088Z] >>> [apiv2][body] POST https://upload-firebasehosting.googleapis.com/upload/sites/z-chat-5a749/versions/96921be2ba74ef1c/files/2307943b70557f3623a232bfd957f9967b33ba68068545540e73734db4fbcd95 [stream]
[debug] [2023-06-25T01:40:19.092Z] [uploadQueue] Retrying task 813b6053118e50bb2b9d13db976b8b074bc9215b55b4adf503a9ca7d53ab01c0
[debug] [2023-06-25T01:40:19.092Z] >>> [apiv2][query] POST https://upload-firebasehosting.googleapis.com/upload/sites/z-chat-5a749/versions/96921be2ba74ef1c/files/813b6053118e50bb2b9d13db976b8b074bc9215b55b4adf503a9ca7d53ab01c0 [none]
[debug] [2023-06-25T01:40:19.092Z] >>> [apiv2][body] POST https://upload-firebasehosting.googleapis.com/upload/sites/z-chat-5a749/versions/96921be2ba74ef1c/files/813b6053118e50bb2b9d13db976b8b074bc9215b55b4adf503a9ca7d53ab01c0 [stream]
[debug] [2023-06-25T01:40:19.095Z] [uploadQueue] Retrying task fb9142e649d4489960573ad324affd5eaad39d5d69c85e0bd1d7285b45e05ff2
[debug] [2023-06-25T01:40:19.096Z] >>> [apiv2][query] POST https://upload-firebasehosting.googleapis.com/upload/sites/z-chat-5a749/versions/96921be2ba74ef1c/files/fb9142e649d4489960573ad324affd5eaad39d5d69c85e0bd1d7285b45e05ff2 [none]
[debug] [2023-06-25T01:40:19.096Z] >>> [apiv2][body] POST https://upload-firebasehosting.googleapis.com/upload/sites/z-chat-5a749/versions/96921be2ba74ef1c/files/fb9142e649d4489960573ad324affd5eaad39d5d69c85e0bd1d7285b45e05ff2 [stream]
[debug] [2023-06-25T01:40:49.889Z] [uploadQueue] Retrying task 16b362d5c4c80bd80c3165c77211803bf180ffc06ce13d124bb19efc918a18e2
[debug] [2023-06-25T01:40:49.891Z] >>> [apiv2][query] POST https://upload-firebasehosting.googleapis.com/upload/sites/z-chat-5a749/versions/96921be2ba74ef1c/files/16b362d5c4c80bd80c3165c77211803bf180ffc06ce13d124bb19efc918a18e2 [none]
[debug] [2023-06-25T01:40:49.891Z] >>> [apiv2][body] POST https://upload-firebasehosting.googleapis.com/upload/sites/z-chat-5a749/versions/96921be2ba74ef1c/files/16b362d5c4c80bd80c3165c77211803bf180ffc06ce13d124bb19efc918a18e2 [stream]
[debug] [2023-06-25T01:40:49.901Z] [uploadQueue] Retrying task 2307943b70557f3623a232bfd957f9967b33ba68068545540e73734db4fbcd95
[debug] [2023-06-25T01:40:49.903Z] >>> [apiv2][query] POST https://upload-firebasehosting.googleapis.com/upload/sites/z-chat-5a749/versions/96921be2ba74ef1c/files/2307943b70557f3623a232bfd957f9967b33ba68068545540e73734db4fbcd95 [none]
[debug] [2023-06-25T01:40:49.903Z] >>> [apiv2][body] POST https://upload-firebasehosting.googleapis.com/upload/sites/z-chat-5a749/versions/96921be2ba74ef1c/files/2307943b70557f3623a232bfd957f9967b33ba68068545540e73734db4fbcd95 [stream]
[debug] [2023-06-25T01:40:49.913Z] [uploadQueue] Retrying task 813b6053118e50bb2b9d13db976b8b074bc9215b55b4adf503a9ca7d53ab01c0
[debug] [2023-06-25T01:40:49.914Z] >>> [apiv2][query] POST https://upload-firebasehosting.googleapis.com/upload/sites/z-chat-5a749/versions/96921be2ba74ef1c/files/813b6053118e50bb2b9d13db976b8b074bc9215b55b4adf503a9ca7d53ab01c0 [none]
[debug] [2023-06-25T01:40:49.915Z] >>> [apiv2][body] POST https://upload-firebasehosting.googleapis.com/upload/sites/z-chat-5a749/versions/96921be2ba74ef1c/files/813b6053118e50bb2b9d13db976b8b074bc9215b55b4adf503a9ca7d53ab01c0 [stream]
[debug] [2023-06-25T01:40:49.925Z] [uploadQueue] Retrying task fb9142e649d4489960573ad324affd5eaad39d5d69c85e0bd1d7285b45e05ff2
[debug] [2023-06-25T01:40:49.926Z] >>> [apiv2][query] POST https://upload-firebasehosting.googleapis.com/upload/sites/z-chat-5a749/versions/96921be2ba74ef1c/files/fb9142e649d4489960573ad324affd5eaad39d5d69c85e0bd1d7285b45e05ff2 [none]
[debug] [2023-06-25T01:40:49.926Z] >>> [apiv2][body] POST https://upload-firebasehosting.googleapis.com/upload/sites/z-chat-5a749/versions/96921be2ba74ef1c/files/fb9142e649d4489960573ad324affd5eaad39d5d69c85e0bd1d7285b45e05ff2 [stream]
[debug] [2023-06-25T01:41:12.610Z] [uploadQueue] Retrying task fb9142e649d4489960573ad324affd5eaad39d5d69c85e0bd1d7285b45e05ff2
[debug] [2023-06-25T01:41:12.613Z] >>> [apiv2][query] POST https://upload-firebasehosting.googleapis.com/upload/sites/z-chat-5a749/versions/96921be2ba74ef1c/files/fb9142e649d4489960573ad324affd5eaad39d5d69c85e0bd1d7285b45e05ff2 [none]
[debug] [2023-06-25T01:41:12.613Z] >>> [apiv2][body] POST https://upload-firebasehosting.googleapis.com/upload/sites/z-chat-5a749/versions/96921be2ba74ef1c/files/fb9142e649d4489960573ad324affd5eaad39d5d69c85e0bd1d7285b45e05ff2 [stream]
[debug] [2023-06-25T01:41:33.469Z] [uploadQueue] Retrying task 16b362d5c4c80bd80c3165c77211803bf180ffc06ce13d124bb19efc918a18e2
[debug] [2023-06-25T01:41:33.470Z] >>> [apiv2][query] POST https://upload-firebasehosting.googleapis.com/upload/sites/z-chat-5a749/versions/96921be2ba74ef1c/files/16b362d5c4c80bd80c3165c77211803bf180ffc06ce13d124bb19efc918a18e2 [none]
[debug] [2023-06-25T01:41:33.471Z] >>> [apiv2][body] POST https://upload-firebasehosting.googleapis.com/upload/sites/z-chat-5a749/versions/96921be2ba74ef1c/files/16b362d5c4c80bd80c3165c77211803bf180ffc06ce13d124bb19efc918a18e2 [stream]
[debug] [2023-06-25T01:41:33.474Z] [uploadQueue] Retrying task 2307943b70557f3623a232bfd957f9967b33ba68068545540e73734db4fbcd95
[debug] [2023-06-25T01:41:33.476Z] >>> [apiv2][query] POST https://upload-firebasehosting.googleapis.com/upload/sites/z-chat-5a749/versions/96921be2ba74ef1c/files/2307943b70557f3623a232bfd957f9967b33ba68068545540e73734db4fbcd95 [none]
[debug] [2023-06-25T01:41:33.476Z] >>> [apiv2][body] POST https://upload-firebasehosting.googleapis.com/upload/sites/z-chat-5a749/versions/96921be2ba74ef1c/files/2307943b70557f3623a232bfd957f9967b33ba68068545540e73734db4fbcd95 [stream]
[debug] [2023-06-25T01:41:33.484Z] [uploadQueue] Retrying task 813b6053118e50bb2b9d13db976b8b074bc9215b55b4adf503a9ca7d53ab01c0
[debug] [2023-06-25T01:41:33.485Z] >>> [apiv2][query] POST https://upload-firebasehosting.googleapis.com/upload/sites/z-chat-5a749/versions/96921be2ba74ef1c/files/813b6053118e50bb2b9d13db976b8b074bc9215b55b4adf503a9ca7d53ab01c0 [none]
[debug] [2023-06-25T01:41:33.486Z] >>> [apiv2][body] POST https://upload-firebasehosting.googleapis.com/upload/sites/z-chat-5a749/versions/96921be2ba74ef1c/files/813b6053118e50bb2b9d13db976b8b074bc9215b55b4adf503a9ca7d53ab01c0 [stream]
[debug] [2023-06-25T01:42:08.142Z] [uploadQueue] Retrying task fb9142e649d4489960573ad324affd5eaad39d5d69c85e0bd1d7285b45e05ff2
[debug] [2023-06-25T01:42:08.143Z] >>> [apiv2][query] POST https://upload-firebasehosting.googleapis.com/upload/sites/z-chat-5a749/versions/96921be2ba74ef1c/files/fb9142e649d4489960573ad324affd5eaad39d5d69c85e0bd1d7285b45e05ff2 [none]
[debug] [2023-06-25T01:42:08.143Z] >>> [apiv2][body] POST https://upload-firebasehosting.googleapis.com/upload/sites/z-chat-5a749/versions/96921be2ba74ef1c/files/fb9142e649d4489960573ad324affd5eaad39d5d69c85e0bd1d7285b45e05ff2 [stream]
[debug] [2023-06-25T01:42:08.147Z] [uploadQueue] Retrying task 16b362d5c4c80bd80c3165c77211803bf180ffc06ce13d124bb19efc918a18e2
[debug] [2023-06-25T01:42:08.148Z] >>> [apiv2][query] POST https://upload-firebasehosting.googleapis.com/upload/sites/z-chat-5a749/versions/96921be2ba74ef1c/files/16b362d5c4c80bd80c3165c77211803bf180ffc06ce13d124bb19efc918a18e2 [none]
[debug] [2023-06-25T01:42:08.148Z] >>> [apiv2][body] POST https://upload-firebasehosting.googleapis.com/upload/sites/z-chat-5a749/versions/96921be2ba74ef1c/files/16b362d5c4c80bd80c3165c77211803bf180ffc06ce13d124bb19efc918a18e2 [stream]
[debug] [2023-06-25T01:42:08.151Z] [uploadQueue] Retrying task 2307943b70557f3623a232bfd957f9967b33ba68068545540e73734db4fbcd95
[debug] [2023-06-25T01:42:08.151Z] >>> [apiv2][query] POST https://upload-firebasehosting.googleapis.com/upload/sites/z-chat-5a749/versions/96921be2ba74ef1c/files/2307943b70557f3623a232bfd957f9967b33ba68068545540e73734db4fbcd95 [none]
[debug] [2023-06-25T01:42:08.151Z] >>> [apiv2][body] POST https://upload-firebasehosting.googleapis.com/upload/sites/z-chat-5a749/versions/96921be2ba74ef1c/files/2307943b70557f3623a232bfd957f9967b33ba68068545540e73734db4fbcd95 [stream]
[debug] [2023-06-25T01:42:08.154Z] [uploadQueue] Retrying task 813b6053118e50bb2b9d13db976b8b074bc9215b55b4adf503a9ca7d53ab01c0
[debug] [2023-06-25T01:42:08.155Z] >>> [apiv2][query] POST https://upload-firebasehosting.googleapis.com/upload/sites/z-chat-5a749/versions/96921be2ba74ef1c/files/813b6053118e50bb2b9d13db976b8b074bc9215b55b4adf503a9ca7d53ab01c0 [none]
[debug] [2023-06-25T01:42:08.155Z] >>> [apiv2][body] POST https://upload-firebasehosting.googleapis.com/upload/sites/z-chat-5a749/versions/96921be2ba74ef1c/files/813b6053118e50bb2b9d13db976b8b074bc9215b55b4adf503a9ca7d53ab01c0 [stream]
[debug] [2023-06-25T01:42:20.954Z] <<< [apiv2][status] POST https://upload-firebasehosting.googleapis.com/upload/sites/z-chat-5a749/versions/96921be2ba74ef1c/files/16a0ec01e6fcd89eb352654625c39037ff1eacdb04d14f886621643a4c27d639 200
[debug] [2023-06-25T01:42:20.955Z] <<< [apiv2][body] POST https://upload-firebasehosting.googleapis.com/upload/sites/z-chat-5a749/versions/96921be2ba74ef1c/files/16a0ec01e6fcd89eb352654625c39037ff1eacdb04d14f886621643a4c27d639 [stream]
[debug] [2023-06-25T01:42:25.259Z] <<< [apiv2][status] POST https://upload-firebasehosting.googleapis.com/upload/sites/z-chat-5a749/versions/96921be2ba74ef1c/files/fb9142e649d4489960573ad324affd5eaad39d5d69c85e0bd1d7285b45e05ff2 200
[debug] [2023-06-25T01:42:25.259Z] <<< [apiv2][body] POST https://upload-firebasehosting.googleapis.com/upload/sites/z-chat-5a749/versions/96921be2ba74ef1c/files/fb9142e649d4489960573ad324affd5eaad39d5d69c85e0bd1d7285b45e05ff2 [stream]
[debug] [2023-06-25T01:42:44.563Z] [uploadQueue] Retrying task 16b362d5c4c80bd80c3165c77211803bf180ffc06ce13d124bb19efc918a18e2
[debug] [2023-06-25T01:42:44.564Z] >>> [apiv2][query] POST https://upload-firebasehosting.googleapis.com/upload/sites/z-chat-5a749/versions/96921be2ba74ef1c/files/16b362d5c4c80bd80c3165c77211803bf180ffc06ce13d124bb19efc918a18e2 [none]
[debug] [2023-06-25T01:42:44.564Z] >>> [apiv2][body] POST https://upload-firebasehosting.googleapis.com/upload/sites/z-chat-5a749/versions/96921be2ba74ef1c/files/16b362d5c4c80bd80c3165c77211803bf180ffc06ce13d124bb19efc918a18e2 [stream]
[debug] [2023-06-25T01:42:44.570Z] [uploadQueue] Retrying task 2307943b70557f3623a232bfd957f9967b33ba68068545540e73734db4fbcd95
[debug] [2023-06-25T01:42:44.571Z] >>> [apiv2][query] POST https://upload-firebasehosting.googleapis.com/upload/sites/z-chat-5a749/versions/96921be2ba74ef1c/files/2307943b70557f3623a232bfd957f9967b33ba68068545540e73734db4fbcd95 [none]
[debug] [2023-06-25T01:42:44.571Z] >>> [apiv2][body] POST https://upload-firebasehosting.googleapis.com/upload/sites/z-chat-5a749/versions/96921be2ba74ef1c/files/2307943b70557f3623a232bfd957f9967b33ba68068545540e73734db4fbcd95 [stream]
[debug] [2023-06-25T01:42:44.576Z] [uploadQueue] Retrying task 813b6053118e50bb2b9d13db976b8b074bc9215b55b4adf503a9ca7d53ab01c0
[debug] [2023-06-25T01:42:44.577Z] >>> [apiv2][query] POST https://upload-firebasehosting.googleapis.com/upload/sites/z-chat-5a749/versions/96921be2ba74ef1c/files/813b6053118e50bb2b9d13db976b8b074bc9215b55b4adf503a9ca7d53ab01c0 [none]
[debug] [2023-06-25T01:42:44.577Z] >>> [apiv2][body] POST https://upload-firebasehosting.googleapis.com/upload/sites/z-chat-5a749/versions/96921be2ba74ef1c/files/813b6053118e50bb2b9d13db976b8b074bc9215b55b4adf503a9ca7d53ab01c0 [stream]
[debug] [2023-06-25T01:43:12.653Z] <<< [apiv2][status] POST https://upload-firebasehosting.googleapis.com/upload/sites/z-chat-5a749/versions/96921be2ba74ef1c/files/2307943b70557f3623a232bfd957f9967b33ba68068545540e73734db4fbcd95 200
[debug] [2023-06-25T01:43:12.653Z] <<< [apiv2][body] POST https://upload-firebasehosting.googleapis.com/upload/sites/z-chat-5a749/versions/96921be2ba74ef1c/files/2307943b70557f3623a232bfd957f9967b33ba68068545540e73734db4fbcd95 [stream]
[debug] Task 16b362d5c4c80bd80c3165c77211803bf180ffc06ce13d124bb19efc918a18e2 failed: retries exhausted after 6 attempts, with error: Timeout reached making request to https://upload-firebasehosting.googleapis.com/upload/sites/z-chat-5a749/versions/96921be2ba74ef1c/files/16b362d5c4c80bd80c3165c77211803bf180ffc06ce13d124bb19efc918a18e2
[debug] [2023-06-25T01:43:14.579Z] [hosting][upload queue][FINAL] {"max":152292,"min":3216,"avg":18502.7,"active":1,"complete":21,"success":20,"errored":1,"retried":19,"total":22,"elapsed":205927}
[debug] Task 813b6053118e50bb2b9d13db976b8b074bc9215b55b4adf503a9ca7d53ab01c0 failed: retries exhausted after 6 attempts, with error: Timeout reached making request to https://upload-firebasehosting.googleapis.com/upload/sites/z-chat-5a749/versions/96921be2ba74ef1c/files/813b6053118e50bb2b9d13db976b8b074bc9215b55b4adf503a9ca7d53ab01c0
[debug] [2023-06-25T01:43:19.615Z] Error: Timed out.
    at Timeout._onTimeout (C:\Users\LENOVO\AppData\Roaming\npm\node_modules\firebase-tools\lib\utils.js:253:49)
    at listOnTimeout (node:internal/timers:564:17)
    at process.processTimers (node:internal/timers:507:7)
[error] 
[error] Error: An unexpected error has occurred.
[debug] [2023-06-25T01:50:27.504Z] ----------------------------------------------------------------------
[debug] [2023-06-25T01:50:27.507Z] Command:       C:\Program Files\nodejs\node.exe C:\Users\LENOVO\AppData\Roaming\npm\node_modules\firebase-tools\lib\bin\firebase.js deploy
[debug] [2023-06-25T01:50:27.508Z] CLI Version:   12.4.0
[debug] [2023-06-25T01:50:27.508Z] Platform:      win32
[debug] [2023-06-25T01:50:27.509Z] Node Version:  v18.4.0
[debug] [2023-06-25T01:50:27.524Z] Time:          Sun Jun 25 2023 02:50:27 GMT+0100 (West Africa Standard Time)
[debug] [2023-06-25T01:50:27.524Z] ----------------------------------------------------------------------
[debug] 
[debug] [2023-06-25T01:50:27.655Z] > command requires scopes: ["email","openid","https://www.googleapis.com/auth/cloudplatformprojects.readonly","https://www.googleapis.com/auth/firebase","https://www.googleapis.com/auth/cloud-platform"]
[debug] [2023-06-25T01:50:27.657Z] > authorizing via signed-in user (fawaleayomideoladele@gmail.com)
[debug] [2023-06-25T01:50:27.657Z] [iam] checking project z-chat-5a749 for permissions ["firebase.projects.get","firebasehosting.sites.update"]
[debug] [2023-06-25T01:50:27.663Z] >>> [apiv2][query] POST https://cloudresourcemanager.googleapis.com/v1/projects/z-chat-5a749:testIamPermissions [none]
[debug] [2023-06-25T01:50:27.663Z] >>> [apiv2][(partial)header] POST https://cloudresourcemanager.googleapis.com/v1/projects/z-chat-5a749:testIamPermissions x-goog-quota-user=projects/z-chat-5a749
[debug] [2023-06-25T01:50:27.664Z] >>> [apiv2][body] POST https://cloudresourcemanager.googleapis.com/v1/projects/z-chat-5a749:testIamPermissions {"permissions":["firebase.projects.get","firebasehosting.sites.update"]}
[debug] [2023-06-25T01:50:29.998Z] <<< [apiv2][status] POST https://cloudresourcemanager.googleapis.com/v1/projects/z-chat-5a749:testIamPermissions 200
[debug] [2023-06-25T01:50:30.000Z] <<< [apiv2][body] POST https://cloudresourcemanager.googleapis.com/v1/projects/z-chat-5a749:testIamPermissions {"permissions":["firebase.projects.get","firebasehosting.sites.update"]}
[debug] [2023-06-25T01:50:30.005Z] >>> [apiv2][query] GET https://firebase.googleapis.com/v1beta1/projects/z-chat-5a749 [none]
[debug] [2023-06-25T01:50:31.411Z] <<< [apiv2][status] GET https://firebase.googleapis.com/v1beta1/projects/z-chat-5a749 200
[debug] [2023-06-25T01:50:31.411Z] <<< [apiv2][body] GET https://firebase.googleapis.com/v1beta1/projects/z-chat-5a749 {"projectId":"z-chat-5a749","projectNumber":"977127481332","displayName":"Z-chat","name":"projects/z-chat-5a749","resources":{"hostingSite":"z-chat-5a749","storageBucket":"z-chat-5a749.appspot.com","locationId":"europe-west"},"state":"ACTIVE","etag":"1_e48ec0fb-b4d4-4038-b320-610cee9b3268"}
[info] 
[info] === Deploying to 'z-chat-5a749'...
[info] 
[info] i  deploying hosting 
[debug] [2023-06-25T01:50:31.434Z] >>> [apiv2][query] POST https://firebasehosting.googleapis.com/v1beta1/projects/-/sites/z-chat-5a749/versions [none]
[debug] [2023-06-25T01:50:31.434Z] >>> [apiv2][body] POST https://firebasehosting.googleapis.com/v1beta1/projects/-/sites/z-chat-5a749/versions {"status":"CREATED","labels":{"deployment-tool":"cli-firebase"}}
[debug] [2023-06-25T01:50:33.852Z] <<< [apiv2][status] POST https://firebasehosting.googleapis.com/v1beta1/projects/-/sites/z-chat-5a749/versions 200
[debug] [2023-06-25T01:50:33.853Z] <<< [apiv2][body] POST https://firebasehosting.googleapis.com/v1beta1/projects/-/sites/z-chat-5a749/versions {"name":"projects/977127481332/sites/z-chat-5a749/versions/3dd3a022a7238cdd","status":"CREATED","config":{},"labels":{"deployment-tool":"cli-firebase"}}
[info] i  hosting[z-chat-5a749]: beginning deploy... 
[info] i  hosting[z-chat-5a749]: found 22 files in build 
[debug] [2023-06-25T01:50:33.903Z] [hosting] uploading with 200 concurrency
[debug] [2023-06-25T01:50:36.359Z] [hosting] hash cache [YnVpbGQ] stored for 22 files
[debug] [2023-06-25T01:50:36.360Z] [hosting][hash queue][FINAL] {"max":2437,"min":9,"avg":170.86363636363637,"active":0,"complete":22,"success":22,"errored":0,"retried":0,"total":22,"elapsed":2451}
[debug] [2023-06-25T01:50:36.361Z] >>> [apiv2][query] POST https://firebasehosting.googleapis.com/v1beta1/projects/977127481332/sites/z-chat-5a749/versions/3dd3a022a7238cdd:populateFiles [none]
[debug] [2023-06-25T01:50:36.361Z] >>> [apiv2][body] POST https://firebasehosting.googleapis.com/v1beta1/projects/977127481332/sites/z-chat-5a749/versions/3dd3a022a7238cdd:populateFiles {"files":{"/favicon.ico":"eae62e993eb980ec8a25058c39d5a51feab118bd2100c4deebb2a9c158ec11f9","/logo192.png":"3ee59515172ee198f3be375979df15ac5345183e656720a381b8872b2a39dc8b","/logo512.png":"ee7e2f3fdb8209c4b6fd7bef6ba50d1b9dba30a25bb5c3126df057e1cb6f5331","/manifest.json":"aff3449bdc238776f5d6d967f19ec491b36aed5fb7f23ccff6500736fd58494a","/robots.txt":"bfe106a3fb878dc83461c86818bf74fc1bdc7f28538ba613cd3e775516ce8b49","/z-code_.png":"16b362d5c4c80bd80c3165c77211803bf180ffc06ce13d124bb19efc918a18e2","/asset-manifest.json":"90d419aa7230549854175d86ff9f26b9e250c1320fb368191435438a5feefe5d","/index.html":"28017e0893d36b4b8c0f44b5983ff23ace6593fc311b80e1585ca70b8734238d","/static/js/main.7e50f94d.js.LICENSE.txt":"b966e2214c7e6c19c3be686b0253ecf34afeb13b4ed0970297a73e7c14746237","/static/css/main.e74b8169.css":"08a182649897a83a1eb32a0181eb8ea001c7006f40b9b91292418e84a196ddf1","/static/media/unsplash_jzz_3jWMzHA.a1c2a9451f37eef26537.jpg":"1550485177962a386c5232154834f95776cd9f5fce9a3ddc2932d02966cf2198","/static/media/unsplash_iEEBWgY_6lA.e7a7e1c4acad2ace1f78.png":"ca8f1aeec7eb4be1bd3fb7b4ebd1e18f1ca637f4216d57ec810d4dd8a3742aef","/static/css/main.e74b8169.css.map":"2aea6623fe08e7d2f4abc332b5c83f8b28a90c9f2a9d38f3acc87f3d58a17155","/static/media/unsplash_ZHvM3XIOHoE.bed6979128a5f457ed20.jpg":"ece59132a84a85bdc30f0f96846939b7c6417d196bb3a8606bbea86c0425b6a5","/static/media/unsplash_-4vD8lIhdnw.0aba6b3f62f3cbffb050.jpg":"0b58cd17d7a645efeeb6c74a93cb25a3318d84658e37a44422a62dc6f1d2e7aa","/static/media/unsplash_fHXpgMd_XhE.542e886bd4f67b363f44.png":"b432f8afec4e45cfeb2f8d40b0f99a55bd4a4cf0f2e662104e3f5117203f46d3","/static/media/unsplash_87gLIFoj79c.913b120244246fbe578b.png":"1bf989805dd31c89decbdc2f440ef181ca6d6c6352ffda3956d234ebcc9f0e91","/static/media/funny-404-error-page-design.e8774fe4b26ba15c17b3.gif":"fb9142e649d4489960573ad324affd5eaad39d5d69c85e0bd1d7285b45e05ff2","/static/js/main.7e50f94d.js":"c345c579b1f0cfc54135676a64c9a877a5c1ce2d56e272d789d8ed22af6fd47c","/static/media/unsplash_9pjBx5uVBlg.50a6c91ca476250c4097.png":"813b6053118e50bb2b9d13db976b8b074bc9215b55b4adf503a9ca7d53ab01c0","/static/media/unsplash_-2vD8lIhdnw.0e310f750e3db167a2ff.png":"2307943b70557f3623a232bfd957f9967b33ba68068545540e73734db4fbcd95","/static/js/main.7e50f94d.js.map":"e095e8575d49d79b6bfe41291f7badeeb9881eeac726eb22babac255386986e3"}}
[debug] [2023-06-25T01:50:38.249Z] <<< [apiv2][status] POST https://firebasehosting.googleapis.com/v1beta1/projects/977127481332/sites/z-chat-5a749/versions/3dd3a022a7238cdd:populateFiles 200
[debug] [2023-06-25T01:50:38.249Z] <<< [apiv2][body] POST https://firebasehosting.googleapis.com/v1beta1/projects/977127481332/sites/z-chat-5a749/versions/3dd3a022a7238cdd:populateFiles {"uploadRequiredHashes":["e095e8575d49d79b6bfe41291f7badeeb9881eeac726eb22babac255386986e3","90d419aa7230549854175d86ff9f26b9e250c1320fb368191435438a5feefe5d","813b6053118e50bb2b9d13db976b8b074bc9215b55b4adf503a9ca7d53ab01c0","28017e0893d36b4b8c0f44b5983ff23ace6593fc311b80e1585ca70b8734238d","c345c579b1f0cfc54135676a64c9a877a5c1ce2d56e272d789d8ed22af6fd47c","16b362d5c4c80bd80c3165c77211803bf180ffc06ce13d124bb19efc918a18e2"],"uploadUrl":"https://upload-firebasehosting.googleapis.com/upload/sites/z-chat-5a749/versions/3dd3a022a7238cdd/files"}
[debug] [2023-06-25T01:50:38.251Z] >>> [apiv2][query] POST https://upload-firebasehosting.googleapis.com/upload/sites/z-chat-5a749/versions/3dd3a022a7238cdd/files/e095e8575d49d79b6bfe41291f7badeeb9881eeac726eb22babac255386986e3 [none]
[debug] [2023-06-25T01:50:38.251Z] >>> [apiv2][body] POST https://upload-firebasehosting.googleapis.com/upload/sites/z-chat-5a749/versions/3dd3a022a7238cdd/files/e095e8575d49d79b6bfe41291f7badeeb9881eeac726eb22babac255386986e3 [stream]
[debug] [2023-06-25T01:50:38.253Z] >>> [apiv2][query] POST https://upload-firebasehosting.googleapis.com/upload/sites/z-chat-5a749/versions/3dd3a022a7238cdd/files/90d419aa7230549854175d86ff9f26b9e250c1320fb368191435438a5feefe5d [none]
[debug] [2023-06-25T01:50:38.253Z] >>> [apiv2][body] POST https://upload-firebasehosting.googleapis.com/upload/sites/z-chat-5a749/versions/3dd3a022a7238cdd/files/90d419aa7230549854175d86ff9f26b9e250c1320fb368191435438a5feefe5d [stream]
[debug] [2023-06-25T01:50:38.255Z] >>> [apiv2][query] POST https://upload-firebasehosting.googleapis.com/upload/sites/z-chat-5a749/versions/3dd3a022a7238cdd/files/813b6053118e50bb2b9d13db976b8b074bc9215b55b4adf503a9ca7d53ab01c0 [none]
[debug] [2023-06-25T01:50:38.255Z] >>> [apiv2][body] POST https://upload-firebasehosting.googleapis.com/upload/sites/z-chat-5a749/versions/3dd3a022a7238cdd/files/813b6053118e50bb2b9d13db976b8b074bc9215b55b4adf503a9ca7d53ab01c0 [stream]
[debug] [2023-06-25T01:50:38.257Z] >>> [apiv2][query] POST https://upload-firebasehosting.googleapis.com/upload/sites/z-chat-5a749/versions/3dd3a022a7238cdd/files/28017e0893d36b4b8c0f44b5983ff23ace6593fc311b80e1585ca70b8734238d [none]
[debug] [2023-06-25T01:50:38.257Z] >>> [apiv2][body] POST https://upload-firebasehosting.googleapis.com/upload/sites/z-chat-5a749/versions/3dd3a022a7238cdd/files/28017e0893d36b4b8c0f44b5983ff23ace6593fc311b80e1585ca70b8734238d [stream]
[debug] [2023-06-25T01:50:38.259Z] >>> [apiv2][query] POST https://upload-firebasehosting.googleapis.com/upload/sites/z-chat-5a749/versions/3dd3a022a7238cdd/files/c345c579b1f0cfc54135676a64c9a877a5c1ce2d56e272d789d8ed22af6fd47c [none]
[debug] [2023-06-25T01:50:38.259Z] >>> [apiv2][body] POST https://upload-firebasehosting.googleapis.com/upload/sites/z-chat-5a749/versions/3dd3a022a7238cdd/files/c345c579b1f0cfc54135676a64c9a877a5c1ce2d56e272d789d8ed22af6fd47c [stream]
[debug] [2023-06-25T01:50:38.262Z] >>> [apiv2][query] POST https://upload-firebasehosting.googleapis.com/upload/sites/z-chat-5a749/versions/3dd3a022a7238cdd/files/16b362d5c4c80bd80c3165c77211803bf180ffc06ce13d124bb19efc918a18e2 [none]
[debug] [2023-06-25T01:50:38.262Z] >>> [apiv2][body] POST https://upload-firebasehosting.googleapis.com/upload/sites/z-chat-5a749/versions/3dd3a022a7238cdd/files/16b362d5c4c80bd80c3165c77211803bf180ffc06ce13d124bb19efc918a18e2 [stream]
[debug] [2023-06-25T01:50:38.264Z] [hosting][populate queue][FINAL] {"max":1897,"min":1897,"avg":1897,"active":0,"complete":1,"success":1,"errored":0,"retried":0,"total":1,"elapsed":1910}
[debug] [2023-06-25T01:50:38.264Z] [hosting] uploads queued: 6
[debug] [2023-06-25T01:50:40.220Z] <<< [apiv2][status] POST https://upload-firebasehosting.googleapis.com/upload/sites/z-chat-5a749/versions/3dd3a022a7238cdd/files/90d419aa7230549854175d86ff9f26b9e250c1320fb368191435438a5feefe5d 200
[debug] [2023-06-25T01:50:40.221Z] <<< [apiv2][body] POST https://upload-firebasehosting.googleapis.com/upload/sites/z-chat-5a749/versions/3dd3a022a7238cdd/files/90d419aa7230549854175d86ff9f26b9e250c1320fb368191435438a5feefe5d [stream]
[debug] [2023-06-25T01:50:40.398Z] <<< [apiv2][status] POST https://upload-firebasehosting.googleapis.com/upload/sites/z-chat-5a749/versions/3dd3a022a7238cdd/files/28017e0893d36b4b8c0f44b5983ff23ace6593fc311b80e1585ca70b8734238d 200
[debug] [2023-06-25T01:50:40.399Z] <<< [apiv2][body] POST https://upload-firebasehosting.googleapis.com/upload/sites/z-chat-5a749/versions/3dd3a022a7238cdd/files/28017e0893d36b4b8c0f44b5983ff23ace6593fc311b80e1585ca70b8734238d [stream]
[debug] [2023-06-25T01:50:42.776Z] <<< [apiv2][status] POST https://upload-firebasehosting.googleapis.com/upload/sites/z-chat-5a749/versions/3dd3a022a7238cdd/files/c345c579b1f0cfc54135676a64c9a877a5c1ce2d56e272d789d8ed22af6fd47c 200
[debug] [2023-06-25T01:50:42.776Z] <<< [apiv2][body] POST https://upload-firebasehosting.googleapis.com/upload/sites/z-chat-5a749/versions/3dd3a022a7238cdd/files/c345c579b1f0cfc54135676a64c9a877a5c1ce2d56e272d789d8ed22af6fd47c [stream]
[debug] [2023-06-25T01:50:52.201Z] <<< [apiv2][status] POST https://upload-firebasehosting.googleapis.com/upload/sites/z-chat-5a749/versions/3dd3a022a7238cdd/files/16b362d5c4c80bd80c3165c77211803bf180ffc06ce13d124bb19efc918a18e2 200
[debug] [2023-06-25T01:50:52.201Z] <<< [apiv2][body] POST https://upload-firebasehosting.googleapis.com/upload/sites/z-chat-5a749/versions/3dd3a022a7238cdd/files/16b362d5c4c80bd80c3165c77211803bf180ffc06ce13d124bb19efc918a18e2 [stream]
[debug] [2023-06-25T01:50:52.438Z] <<< [apiv2][status] POST https://upload-firebasehosting.googleapis.com/upload/sites/z-chat-5a749/versions/3dd3a022a7238cdd/files/813b6053118e50bb2b9d13db976b8b074bc9215b55b4adf503a9ca7d53ab01c0 200
[debug] [2023-06-25T01:50:52.439Z] <<< [apiv2][body] POST https://upload-firebasehosting.googleapis.com/upload/sites/z-chat-5a749/versions/3dd3a022a7238cdd/files/813b6053118e50bb2b9d13db976b8b074bc9215b55b4adf503a9ca7d53ab01c0 [stream]
[debug] [2023-06-25T01:51:06.456Z] <<< [apiv2][status] POST https://upload-firebasehosting.googleapis.com/upload/sites/z-chat-5a749/versions/3dd3a022a7238cdd/files/e095e8575d49d79b6bfe41291f7badeeb9881eeac726eb22babac255386986e3 200
[debug] [2023-06-25T01:51:06.456Z] <<< [apiv2][body] POST https://upload-firebasehosting.googleapis.com/upload/sites/z-chat-5a749/versions/3dd3a022a7238cdd/files/e095e8575d49d79b6bfe41291f7badeeb9881eeac726eb22babac255386986e3 [stream]
[debug] [2023-06-25T01:51:06.457Z] [hosting][upload queue][FINAL] {"max":28206,"min":1971,"avg":10832,"active":0,"complete":6,"success":6,"errored":0,"retried":0,"total":6,"elapsed":28207}
[info] +  hosting[z-chat-5a749]: file upload complete 
[debug] [2023-06-25T01:51:06.460Z] [hosting] deploy completed after 32600ms
[debug] [2023-06-25T01:51:06.468Z] [
  {
    "config": {
      "public": "build",
      "ignore": [
        "firebase.json",
        "**/.*",
        "**/node_modules/**"
      ],
      "rewrites": [
        {
          "source": "**",
          "destination": "/index.html"
        }
      ],
      "site": "z-chat-5a749"
    },
    "version": "projects/977127481332/sites/z-chat-5a749/versions/3dd3a022a7238cdd"
  }
]
[info] i  hosting[z-chat-5a749]: finalizing version... 
[debug] [2023-06-25T01:51:06.474Z] >>> [apiv2][query] PATCH https://firebasehosting.googleapis.com/v1beta1/projects/-/sites/z-chat-5a749/versions/3dd3a022a7238cdd updateMask=status%2Cconfig
[debug] [2023-06-25T01:51:06.474Z] >>> [apiv2][body] PATCH https://firebasehosting.googleapis.com/v1beta1/projects/-/sites/z-chat-5a749/versions/3dd3a022a7238cdd {"status":"FINALIZED","config":{"rewrites":[{"glob":"**","path":"/index.html"}]}}
[debug] [2023-06-25T01:51:08.152Z] <<< [apiv2][status] PATCH https://firebasehosting.googleapis.com/v1beta1/projects/-/sites/z-chat-5a749/versions/3dd3a022a7238cdd 200
[debug] [2023-06-25T01:51:08.153Z] <<< [apiv2][body] PATCH https://firebasehosting.googleapis.com/v1beta1/projects/-/sites/z-chat-5a749/versions/3dd3a022a7238cdd {"name":"projects/977127481332/sites/z-chat-5a749/versions/3dd3a022a7238cdd","status":"FINALIZED","config":{"rewrites":[{"glob":"**","path":"/index.html"}]},"labels":{"deployment-tool":"cli-firebase"},"createTime":"2023-06-25T01:50:33.735617Z","createUser":{"email":"fawaleayomideoladele@gmail.com"},"finalizeTime":"2023-06-25T01:51:08.231998Z","finalizeUser":{"email":"fawaleayomideoladele@gmail.com"}}
[debug] [2023-06-25T01:51:08.153Z] [hosting] finalized version for z-chat-5a749:[object Object]
[info] +  hosting[z-chat-5a749]: version finalized 
[info] i  hosting[z-chat-5a749]: releasing new version... 
[debug] [2023-06-25T01:51:08.158Z] >>> [apiv2][query] POST https://firebasehosting.googleapis.com/v1beta1/projects/-/sites/z-chat-5a749/channels/live/releases versionName=projects%2F977127481332%2Fsites%2Fz-chat-5a749%2Fversions%2F3dd3a022a7238cdd
[debug] [2023-06-25T01:51:08.158Z] >>> [apiv2][body] POST https://firebasehosting.googleapis.com/v1beta1/projects/-/sites/z-chat-5a749/channels/live/releases {}
[debug] [2023-06-25T01:51:09.687Z] <<< [apiv2][status] POST https://firebasehosting.googleapis.com/v1beta1/projects/-/sites/z-chat-5a749/channels/live/releases 200
[debug] [2023-06-25T01:51:09.687Z] <<< [apiv2][body] POST https://firebasehosting.googleapis.com/v1beta1/projects/-/sites/z-chat-5a749/channels/live/releases {"name":"projects/977127481332/sites/z-chat-5a749/channels/live/releases/1687657869417000","version":{"name":"projects/977127481332/sites/z-chat-5a749/versions/3dd3a022a7238cdd","status":"FINALIZED","config":{"rewrites":[{"glob":"**","path":"/index.html"}]},"labels":{"deployment-tool":"cli-firebase"},"createTime":"2023-06-25T01:50:33.735617Z","createUser":{"email":"fawaleayomideoladele@gmail.com","imageUrl":"https://lh3.googleusercontent.com/a/AAcHTteWoclWKDv-lK6vLlz8F3cHMbKs98WJYRBCtSeh=mo"},"finalizeTime":"2023-06-25T01:51:08.231998Z","finalizeUser":{"email":"fawaleayomideoladele@gmail.com","imageUrl":"https://lh3.googleusercontent.com/a/AAcHTteWoclWKDv-lK6vLlz8F3cHMbKs98WJYRBCtSeh=mo"}},"type":"DEPLOY","releaseTime":"2023-06-25T01:51:09.417Z","releaseUser":{"email":"fawaleayomideoladele@gmail.com","imageUrl":"https://lh3.googleusercontent.com/a/AAcHTteWoclWKDv-lK6vLlz8F3cHMbKs98WJYRBCtSeh=mo"}}
[debug] [2023-06-25T01:51:09.688Z] [hosting] release: {"name":"projects/977127481332/sites/z-chat-5a749/channels/live/releases/1687657869417000","version":{"name":"projects/977127481332/sites/z-chat-5a749/versions/3dd3a022a7238cdd","status":"FINALIZED","config":{"rewrites":[{"glob":"**","path":"/index.html"}]},"labels":{"deployment-tool":"cli-firebase"},"createTime":"2023-06-25T01:50:33.735617Z","createUser":{"email":"fawaleayomideoladele@gmail.com","imageUrl":"https://lh3.googleusercontent.com/a/AAcHTteWoclWKDv-lK6vLlz8F3cHMbKs98WJYRBCtSeh=mo"},"finalizeTime":"2023-06-25T01:51:08.231998Z","finalizeUser":{"email":"fawaleayomideoladele@gmail.com","imageUrl":"https://lh3.googleusercontent.com/a/AAcHTteWoclWKDv-lK6vLlz8F3cHMbKs98WJYRBCtSeh=mo"}},"type":"DEPLOY","releaseTime":"2023-06-25T01:51:09.417Z","releaseUser":{"email":"fawaleayomideoladele@gmail.com","imageUrl":"https://lh3.googleusercontent.com/a/AAcHTteWoclWKDv-lK6vLlz8F3cHMbKs98WJYRBCtSeh=mo"}}
[info] +  hosting[z-chat-5a749]: release complete 
[info] 
[info] +  Deploy complete! 
[info] 
[info] Project Console: https://console.firebase.google.com/project/z-chat-5a749/overview
[info] Hosting URL: https://z-chat-5a749.web.app
[debug] [2023-06-25T01:51:20.445Z] Error: Timed out.
    at Timeout._onTimeout (C:\Users\LENOVO\AppData\Roaming\npm\node_modules\firebase-tools\lib\utils.js:253:49)
    at listOnTimeout (node:internal/timers:564:17)
    at process.processTimers (node:internal/timers:507:7)
[error] 
[error] Error: An unexpected error has occurred.
